Starting the 'Apache2.4' service
The 'Apache2.4' service is running.
pm_winnt:notice] [pid 35020:tid 552] AH00455: Apache/2.4.43 (Win64) configured -- resuming normal operations
[Sun Apr 05 20:32:56.847773 2020] [mpm_winnt:notice] [pid 35020:tid 552] AH00456: Apache Lounge VS16 Server built: Mar 31 2020 16:01:02
[Sun Apr 05 20:32:56.847773 2020] [core:notice] [pid 35020:tid 552] AH00094: Command line: 'C:\\Users\\dlc04\\OneDrive\\\xe6\xa1\x8c\xe9\x9d\xa2\\daniel lu\\Python\\learning_log\\Apache\\Apache24\\bin\\httpd.exe -d C:/Users/dlc04/OneDrive/\xe6\xa1\x8c\xe9\x9d\xa2/daniel lu/Python/learning_log/Apache/Apache24'
[Sun Apr 05 20:32:56.859769 2020] [mpm_winnt:notice] [pid 35020:tid 552] AH00418: Parent: Created child process 26588
[Sun Apr 05 20:32:59.742940 2020] [mpm_winnt:notice] [pid 26588:tid 832] AH00354: Child: Starting 64 worker threads.
[Sun Apr 05 20:33:56.762169 2020] [mpm_winnt:notice] [pid 35020:tid 552] AH00422: Parent: Received shutdown signal -- Shutting down the server.
[Sun Apr 05 20:33:59.167265 2020] [mpm_winnt:notice] [pid 26588:tid 832] AH00364: Child: All worker threads have exited.
[Sun Apr 05 20:33:59.419287 2020] [mpm_winnt:notice] [pid 35020:tid 552] AH00430: Parent: Child process 26588 exited successfully.
[Sun Apr 05 20:34:14.405683 2020] [mpm_winnt:notice] [pid 33080:tid 884] AH00455: Apache/2.4.43 (Win64) configured -- resuming normal operations
[Sun Apr 05 20:34:14.406686 2020] [mpm_winnt:notice] [pid 33080:tid 884] AH00456: Apache Lounge VS16 Server built: Mar 31 2020 16:01:02
[Sun Apr 05 20:34:14.406686 2020] [core:notice] [pid 33080:tid 884] AH00094: Command line: 'C:\\Users\\dlc04\\OneDrive\\\xe6\xa1\x8c\xe9\x9d\xa2\\daniel lu\\Python\\learning_log\\Apache\\Apache24\\bin\\httpd.exe -d C:/Users/dlc04/OneDrive/\xe6\xa1\x8c\xe9\x9d\xa2/daniel lu/Python/learning_log/Apache/Apache24'
[Sun Apr 05 20:34:14.416686 2020] [mpm_winnt:notice] [pid 33080:tid 884] AH00418: Parent: Created child process 23144
[Sun Apr 05 20:34:17.400486 2020] [mpm_winnt:notice] [pid 23144:tid 884] AH00354: Child: Starting 64 worker threads.
[Sun Apr 05 21:17:08.685680 2020] [mpm_winnt:notice] [pid 33080:tid 884] AH00422: Parent: Received shutdown signal -- Shutting down the server.
[Sun Apr 05 21:17:10.687093 2020] [mpm_winnt:notice] [pid 23144:tid 884] AH00364: Child: All worker threads have exited.
[Sun Apr 05 21:17:10.929116 2020] [mpm_winnt:notice] [pid 33080:tid 884] AH00430: Parent: Child process 23144 exited successfully.
[Sun Apr 05 21:17:15.301847 2020] [mpm_winnt:notice] [pid 35284:tid 912] AH00455: Apache/2.4.43 (Win64) configured -- resuming normal operations
[Sun Apr 05 21:17:15.301847 2020] [mpm_winnt:notice] [pid 35284:tid 912] AH00456: Apache Lounge VS16 Server built: Mar 31 2020 16:01:02
[Sun Apr 05 21:17:15.301847 2020] [core:notice] [pid 35284:tid 912] AH00094: Command line: 'C:\\Users\\dlc04\\OneDrive\\\xe6\xa1\x8c\xe9\x9d\xa2\\daniel lu\\Python\\learning_log\\Apache\\Apache24\\bin\\httpd.exe -d C:/Users/dlc04/OneDrive/\xe6\xa1\x8c\xe9\x9d\xa2/daniel lu/Python/learning_log/Apache/Apache24'
[Sun Apr 05 21:17:15.317848 2020] [mpm_winnt:notice] [pid 35284:tid 912] AH00418: Parent: Created child process 31488
[Sun Apr 05 21:17:17.784124 2020] [mpm_winnt:notice] [pid 31488:tid 4] AH00354: Child: Starting 64 worker threads.
[Sun Apr 05 21:17:28.960054 2020] [mpm_winnt:notice] [pid 35284:tid 912] AH00422: Parent: Received shutdown signal -- Shutting down the server.
[Sun Apr 05 21:17:34.092062 2020] [mpm_winnt:notice] [pid 31488:tid 4] AH00364: Child: All worker threads have exited.
[Sun Apr 05 21:17:34.348088 2020] [mpm_winnt:notice] [pid 35284:tid 912] AH00430: Parent: Child process 31488 exited successfully.
